\BOOKMARK [1][-]{section.1}{Introduction}{}% 1
\BOOKMARK [1][-]{section.2}{Analysis}{}% 2
\BOOKMARK [2][-]{subsection.2.1}{A descriptive look}{section.2}% 3
\BOOKMARK [3][-]{subsubsection.2.1.1}{Dimensions}{subsection.2.1}% 4
\BOOKMARK [3][-]{subsubsection.2.1.2}{Datatypes}{subsection.2.1}% 5
\BOOKMARK [3][-]{subsubsection.2.1.3}{Data Preprocessing}{subsection.2.1}% 6
\BOOKMARK [3][-]{subsubsection.2.1.4}{Missing values}{subsection.2.1}% 7
\BOOKMARK [3][-]{subsubsection.2.1.5}{Likelihood}{subsection.2.1}% 8
\BOOKMARK [3][-]{subsubsection.2.1.6}{Dependant vs independant bivariate visualisation}{subsection.2.1}% 9
\BOOKMARK [3][-]{subsubsection.2.1.7}{Correlation matrix of predictors}{subsection.2.1}% 10
\BOOKMARK [2][-]{subsection.2.2}{Subsampling}{section.2}% 11
\BOOKMARK [3][-]{subsubsection.2.2.1}{Subsample size trials}{subsection.2.2}% 12
\BOOKMARK [3][-]{subsubsection.2.2.2}{Subsample selection trials}{subsection.2.2}% 13
\BOOKMARK [2][-]{subsection.2.3}{Mathematical model}{section.2}% 14
\BOOKMARK [2][-]{subsection.2.4}{Prior specification}{section.2}% 15
\BOOKMARK [2][-]{subsection.2.5}{Model}{section.2}% 16
\BOOKMARK [2][-]{subsection.2.6}{Experiments to improve model efficiency}{section.2}% 17
\BOOKMARK [3][-]{subsubsection.2.6.1}{Isolated experiments on adapt steps}{subsection.2.6}% 18
\BOOKMARK [3][-]{subsubsection.2.6.2}{Isolated experiments on burn in steps}{subsection.2.6}% 19
\BOOKMARK [3][-]{subsubsection.2.6.3}{Isolated experiments on thinning steps}{subsection.2.6}% 20
\BOOKMARK [3][-]{subsubsection.2.6.4}{Isolated experiments on number of saved steps}{subsection.2.6}% 21
\BOOKMARK [3][-]{subsubsection.2.6.5}{Isolated experiments with initial values}{subsection.2.6}% 22
\BOOKMARK [2][-]{subsection.2.7}{Model fine-tuning}{section.2}% 23
\BOOKMARK [2][-]{subsection.2.8}{Prior sensitivity analysis}{section.2}% 24
\BOOKMARK [2][-]{subsection.2.9}{Posterior Inferences}{section.2}% 25
\BOOKMARK [2][-]{subsection.2.10}{Results}{section.2}% 26
\BOOKMARK [2][-]{subsection.2.11}{Prediction}{section.2}% 27
\BOOKMARK [1][-]{section.3}{Conclusion}{}% 28
\BOOKMARK [1][-]{section.4}{Reference}{}% 29
