This is pdfTeX, Version 3.14159265-2.6-1.40.21 (TeX Live 2020) (preloaded format=pdflatex 2020.9.28)  28 SEP 2020 11:28
entering extended mode
 restricted \write18 enabled.
 %&-line parsing enabled.
**MATH2269_final_project.tex
(./MATH2269_final_project.tex
LaTeX2e <2020-02-02> patch level 5
L3 programming layer <2020-09-24> (/Users/ellenitoumpas/Library/TinyTeX/texmf-d
ist/tex/latex/base/article.cls
Document Class: article 2019/12/20 v1.4l Standard LaTeX document class
(/Users/ellenitoumpas/Library/TinyTeX/texmf-dist/tex/latex/base/size12.clo
File: size12.clo 2019/12/20 v1.4l Standard LaTeX file (size option)
)
\c@part=\count168
\c@section=\count169
\c@subsection=\count170
\c@subsubsection=\count171
\c@paragraph=\count172
\c@subparagraph=\count173
\c@figure=\count174
\c@table=\count175
\abovecaptionskip=\skip47
\belowcaptionskip=\skip48
\bibindent=\dimen134
) (/Users/ellenitoumpas/Library/TinyTeX/texmf-dist/tex/latex/amsmath/amsmath.st
y
Package: amsmath 2020/01/20 v2.17e AMS math features
\@mathmargin=\skip49
For additional information on amsmath, use the `?' option.
(/Users/ellenitoumpas/Library/TinyTeX/texmf-dist/tex/latex/amsmath/amstext.sty
Package: amstext 2000/06/29 v2.01 AMS text
(/Users/ellenitoumpas/Library/TinyTeX/texmf-dist/tex/latex/amsmath/amsgen.sty
File: amsgen.sty 1999/11/30 v2.0 generic functions
\@emptytoks=\toks15
\ex@=\dimen135
)) (/Users/ellenitoumpas/Library/TinyTeX/texmf-dist/tex/latex/amsmath/amsbsy.st
y
Package: amsbsy 1999/11/29 v1.2d Bold Symbols
\pmbraise@=\dimen136
) (/Users/ellenitoumpas/Library/TinyTeX/texmf-dist/tex/latex/amsmath/amsopn.sty
Package: amsopn 2016/03/08 v2.02 operator names
)
\inf@bad=\count176
LaTeX Info: Redefining \frac on input line 227.
\uproot@=\count177
\leftroot@=\count178
LaTeX Info: Redefining \overline on input line 389.
\classnum@=\count179
\DOTSCASE@=\count180
LaTeX Info: Redefining \ldots on input line 486.
LaTeX Info: Redefining \dots on input line 489.
LaTeX Info: Redefining \cdots on input line 610.
\Mathstrutbox@=\box45
\strutbox@=\box46
\big@size=\dimen137
LaTeX Font Info:    Redeclaring font encoding OML on input line 733.
LaTeX Font Info:    Redeclaring font encoding OMS on input line 734.
\macc@depth=\count181
\c@MaxMatrixCols=\count182
\dotsspace@=\muskip16
\c@parentequation=\count183
\dspbrk@lvl=\count184
\tag@help=\toks16
\row@=\count185
\column@=\count186
\maxfields@=\count187
\andhelp@=\toks17
\eqnshift@=\dimen138
\alignsep@=\dimen139
\tagshift@=\dimen140
\tagwidth@=\dimen141
\totwidth@=\dimen142
\lineht@=\dimen143
\@envbody=\toks18
\multlinegap=\skip50
\multlinetaggap=\skip51
\mathdisplay@stack=\toks19
LaTeX Info: Redefining \[ on input line 2859.
LaTeX Info: Redefining \] on input line 2860.
)
(/Users/ellenitoumpas/Library/TinyTeX/texmf-dist/tex/latex/graphics/graphicx.st
y
Package: graphicx 2019/11/30 v1.2a Enhanced LaTeX Graphics (DPC,SPQR)
(/Users/ellenitoumpas/Library/TinyTeX/texmf-dist/tex/latex/graphics/keyval.sty
Package: keyval 2014/10/28 v1.15 key=value parser (DPC)
\KV@toks@=\toks20
)
(/Users/ellenitoumpas/Library/TinyTeX/texmf-dist/tex/latex/graphics/graphics.st
y
Package: graphics 2019/11/30 v1.4a Standard LaTeX Graphics (DPC,SPQR)
(/Users/ellenitoumpas/Library/TinyTeX/texmf-dist/tex/latex/graphics/trig.sty
Package: trig 2016/01/03 v1.10 sin cos tan (DPC)
)
(/Users/ellenitoumpas/Library/TinyTeX/texmf-dist/tex/latex/graphics-cfg/graphic
s.cfg
File: graphics.cfg 2016/06/04 v1.11 sample graphics configuration
)
Package graphics Info: Driver file: pdftex.def on input line 105.

(/Users/ellenitoumpas/Library/TinyTeX/texmf-dist/tex/latex/graphics-def/pdftex.
def
File: pdftex.def 2020/08/26 v1.2 Graphics/color driver for pdftex
))
\Gin@req@height=\dimen144
\Gin@req@width=\dimen145
) (/Users/ellenitoumpas/Library/TinyTeX/texmf-dist/tex/latex/psfrag/psfrag.sty
Package: psfrag 1998/04/11 v3.04 PSfrag (MCG)
\pfg@pcount=\count188
\pfg@scount=\count189
\pfg@temp=\write3
) (/Users/ellenitoumpas/Library/TinyTeX/texmf-dist/tex/generic/epsf/epsf.sty
This is `epsf.tex' v2.7.4 <14 February 2011>
\epsffilein=\read2
\epsfframemargin=\dimen146
\epsfframethickness=\dimen147
\epsfrsize=\dimen148
\epsftmp=\dimen149
\epsftsize=\dimen150
\epsfxsize=\dimen151
\epsfysize=\dimen152
\pspoints=\dimen153
) (/Users/ellenitoumpas/Library/TinyTeX/texmf-dist/tex/latex/tools/enumerate.st
y
Package: enumerate 2015/07/23 v3.00 enumerate extensions (DPC)
\@enLab=\toks21
) (/Users/ellenitoumpas/Library/TinyTeX/texmf-dist/tex/latex/natbib/natbib.sty
Package: natbib 2010/09/13 8.31b (PWD, AO)
\bibhang=\skip52
\bibsep=\skip53
LaTeX Info: Redefining \cite on input line 694.
\c@NAT@ctr=\count190
) (/Users/ellenitoumpas/Library/TinyTeX/texmf-dist/tex/latex/base/textcomp.sty
Package: textcomp 2020/02/02 v2.0n Standard LaTeX package
) (/Users/ellenitoumpas/Library/TinyTeX/texmf-dist/tex/latex/url/url.sty
\Urlmuskip=\muskip17
Package: url 2013/09/16  ver 3.4  Verb mode for urls, etc.
)
(/Users/ellenitoumpas/Library/TinyTeX/texmf-dist/tex/latex/hyperref/hyperref.st
y
Package: hyperref 2020-05-15 v7.00e Hypertext links for LaTeX

(/Users/ellenitoumpas/Library/TinyTeX/texmf-dist/tex/generic/ltxcmds/ltxcmds.st
y
Package: ltxcmds 2020-05-10 v1.25 LaTeX kernel commands for general use (HO)
) (/Users/ellenitoumpas/Library/TinyTeX/texmf-dist/tex/generic/iftex/iftex.sty
Package: iftex 2020/03/06 v1.0d TeX engine tests
)
(/Users/ellenitoumpas/Library/TinyTeX/texmf-dist/tex/generic/pdftexcmds/pdftexc
mds.sty
Package: pdftexcmds 2020-06-27 v0.33 Utility functions of pdfTeX for LuaTeX (HO
)

(/Users/ellenitoumpas/Library/TinyTeX/texmf-dist/tex/generic/infwarerr/infwarer
r.sty
Package: infwarerr 2019/12/03 v1.5 Providing info/warning/error messages (HO)
)
Package pdftexcmds Info: \pdf@primitive is available.
Package pdftexcmds Info: \pdf@ifprimitive is available.
Package pdftexcmds Info: \pdfdraftmode found.
)
(/Users/ellenitoumpas/Library/TinyTeX/texmf-dist/tex/generic/kvsetkeys/kvsetkey
s.sty
Package: kvsetkeys 2019/12/15 v1.18 Key value parser (HO)
)
(/Users/ellenitoumpas/Library/TinyTeX/texmf-dist/tex/generic/kvdefinekeys/kvdef
inekeys.sty
Package: kvdefinekeys 2019-12-19 v1.6 Define keys (HO)
)
(/Users/ellenitoumpas/Library/TinyTeX/texmf-dist/tex/generic/pdfescape/pdfescap
e.sty
Package: pdfescape 2019/12/09 v1.15 Implements pdfTeX's escape features (HO)
) (/Users/ellenitoumpas/Library/TinyTeX/texmf-dist/tex/latex/hycolor/hycolor.st
y
Package: hycolor 2020-01-27 v1.10 Color options for hyperref/bookmark (HO)
)
(/Users/ellenitoumpas/Library/TinyTeX/texmf-dist/tex/latex/letltxmacro/letltxma
cro.sty
Package: letltxmacro 2019/12/03 v1.6 Let assignment for LaTeX macros (HO)
) (/Users/ellenitoumpas/Library/TinyTeX/texmf-dist/tex/latex/auxhook/auxhook.st
y
Package: auxhook 2019-12-17 v1.6 Hooks for auxiliary files (HO)
)
(/Users/ellenitoumpas/Library/TinyTeX/texmf-dist/tex/latex/kvoptions/kvoptions.
sty
Package: kvoptions 2019/11/29 v3.13 Key value format for package options (HO)
)
\@linkdim=\dimen154
\Hy@linkcounter=\count191
\Hy@pagecounter=\count192
(/Users/ellenitoumpas/Library/TinyTeX/texmf-dist/tex/latex/hyperref/pd1enc.def
File: pd1enc.def 2020-05-15 v7.00e Hyperref: PDFDocEncoding definition (HO)
Now handling font encoding PD1 ...
... no UTF-8 mapping file for font encoding PD1
)
(/Users/ellenitoumpas/Library/TinyTeX/texmf-dist/tex/generic/intcalc/intcalc.st
y
Package: intcalc 2019/12/15 v1.3 Expandable calculations with integers (HO)
)
(/Users/ellenitoumpas/Library/TinyTeX/texmf-dist/tex/generic/etexcmds/etexcmds.
sty
Package: etexcmds 2019/12/15 v1.7 Avoid name clashes with e-TeX commands (HO)
)
\Hy@SavedSpaceFactor=\count193
Package hyperref Info: Hyper figures OFF on input line 4464.
Package hyperref Info: Link nesting OFF on input line 4469.
Package hyperref Info: Hyper index ON on input line 4472.
Package hyperref Info: Plain pages OFF on input line 4479.
Package hyperref Info: Backreferencing OFF on input line 4484.
Package hyperref Info: Implicit mode ON; LaTeX internals redefined.
Package hyperref Info: Bookmarks ON on input line 4717.
\c@Hy@tempcnt=\count194
LaTeX Info: Redefining \url on input line 5076.
\XeTeXLinkMargin=\dimen155
(/Users/ellenitoumpas/Library/TinyTeX/texmf-dist/tex/generic/bitset/bitset.sty
Package: bitset 2019/12/09 v1.3 Handle bit-vector datatype (HO)

(/Users/ellenitoumpas/Library/TinyTeX/texmf-dist/tex/generic/bigintcalc/bigintc
alc.sty
Package: bigintcalc 2019/12/15 v1.5 Expandable calculations on big integers (HO
)
))
\Fld@menulength=\count195
\Field@Width=\dimen156
\Fld@charsize=\dimen157
Package hyperref Info: Hyper figures OFF on input line 6347.
Package hyperref Info: Link nesting OFF on input line 6352.
Package hyperref Info: Hyper index ON on input line 6355.
Package hyperref Info: backreferencing OFF on input line 6362.
Package hyperref Info: Link coloring OFF on input line 6367.
Package hyperref Info: Link coloring with OCG OFF on input line 6372.
Package hyperref Info: PDF/A mode OFF on input line 6377.
LaTeX Info: Redefining \ref on input line 6417.
LaTeX Info: Redefining \pageref on input line 6421.

(/Users/ellenitoumpas/Library/TinyTeX/texmf-dist/tex/generic/atbegshi/atbegshi.
sty
Package: atbegshi 2019/12/05 v1.19 At begin shipout hook (HO)
)
\Hy@abspage=\count196
\c@Item=\count197
\c@Hfootnote=\count198
)
Package hyperref Info: Driver (autodetected): hpdftex.

(/Users/ellenitoumpas/Library/TinyTeX/texmf-dist/tex/latex/hyperref/hpdftex.def
File: hpdftex.def 2020-05-15 v7.00e Hyperref driver for pdfTeX

(/Users/ellenitoumpas/Library/TinyTeX/texmf-dist/tex/latex/atveryend/atveryend.
sty
Package: atveryend 2019-12-11 v1.11 Hooks at the very end of document (HO)
Package atveryend Info: \enddocument detected (standard20110627).
)
\Fld@listcount=\count199
\c@bookmark@seq@number=\count266

(/Users/ellenitoumpas/Library/TinyTeX/texmf-dist/tex/latex/rerunfilecheck/rerun
filecheck.sty
Package: rerunfilecheck 2019/12/05 v1.9 Rerun checks for auxiliary files (HO)

(/Users/ellenitoumpas/Library/TinyTeX/texmf-dist/tex/generic/uniquecounter/uniq
uecounter.sty
Package: uniquecounter 2019/12/15 v1.4 Provide unlimited unique counter (HO)
)
Package uniquecounter Info: New unique counter `rerunfilecheck' on input line 2
86.
)
\Hy@SectionHShift=\skip54
) (/Users/ellenitoumpas/Library/TinyTeX/texmf-dist/tex/latex/graphics/color.sty
Package: color 2019/11/23 v1.2a Standard LaTeX Color (DPC)

(/Users/ellenitoumpas/Library/TinyTeX/texmf-dist/tex/latex/graphics-cfg/color.c
fg
File: color.cfg 2016/01/02 v1.6 sample color configuration
)
Package color Info: Driver file: pdftex.def on input line 147.
)
(/Users/ellenitoumpas/Library/TinyTeX/texmf-dist/tex/latex/fancyvrb/fancyvrb.st
y
Package: fancyvrb 2020/05/03 v3.6 verbatim text (tvz,hv)
\FV@CodeLineNo=\count267
\FV@InFile=\read3
\FV@TabBox=\box47
\c@FancyVerbLine=\count268
\FV@StepNumber=\count269
\FV@OutFile=\write4
) (/Users/ellenitoumpas/Library/TinyTeX/texmf-dist/tex/latex/framed/framed.sty
Package: framed 2011/10/22 v 0.96: framed or shaded text with page breaks
\OuterFrameSep=\skip55
\fb@frw=\dimen158
\fb@frh=\dimen159
\FrameRule=\dimen160
\FrameSep=\dimen161
) (/Users/ellenitoumpas/Library/TinyTeX/texmf-dist/tex/latex/float/float.sty
Package: float 2001/11/08 v1.3d Float enhancements (AL)
\c@float@type=\count270
\float@exts=\toks22
\float@box=\box48
\@float@everytoks=\toks23
\@floatcapt=\box49
)
(/Users/ellenitoumpas/Library/TinyTeX/texmf-dist/tex/latex/booktabs/booktabs.st
y
Package: booktabs 2020/01/12 v1.61803398 Publication quality tables
\heavyrulewidth=\dimen162
\lightrulewidth=\dimen163
\cmidrulewidth=\dimen164
\belowrulesep=\dimen165
\belowbottomsep=\dimen166
\aboverulesep=\dimen167
\abovetopsep=\dimen168
\cmidrulesep=\dimen169
\cmidrulekern=\dimen170
\defaultaddspace=\dimen171
\@cmidla=\count271
\@cmidlb=\count272
\@aboverulesep=\dimen172
\@belowrulesep=\dimen173
\@thisruleclass=\count273
\@lastruleclass=\count274
\@thisrulewidth=\dimen174
) (/Users/ellenitoumpas/Library/TinyTeX/texmf-dist/tex/latex/tools/longtable.st
y
Package: longtable 2020/01/07 v4.13 Multi-page Table package (DPC)
\LTleft=\skip56
\LTright=\skip57
\LTpre=\skip58
\LTpost=\skip59
\LTchunksize=\count275
\LTcapwidth=\dimen175
\LT@head=\box50
\LT@firsthead=\box51
\LT@foot=\box52
\LT@lastfoot=\box53
\LT@cols=\count276
\LT@rows=\count277
\c@LT@tables=\count278
\c@LT@chunks=\count279
\LT@p@ftn=\toks24
) (/Users/ellenitoumpas/Library/TinyTeX/texmf-dist/tex/latex/tools/array.sty
Package: array 2019/08/31 v2.4l Tabular extension package (FMi)
\col@sep=\dimen176
\ar@mcellbox=\box54
\extrarowheight=\dimen177
\NC@list=\toks25
\extratabsurround=\skip60
\backup@length=\skip61
\ar@cellbox=\box55
)
(/Users/ellenitoumpas/Library/TinyTeX/texmf-dist/tex/latex/multirow/multirow.st
y
Package: multirow 2019/05/31 v2.5 Span multiple rows of a table
\multirow@colwidth=\skip62
\multirow@cntb=\count280
\multirow@dima=\skip63
\bigstrutjot=\dimen178
) (/Users/ellenitoumpas/Library/TinyTeX/texmf-dist/tex/latex/wrapfig/wrapfig.st
y
\wrapoverhang=\dimen179
\WF@size=\dimen180
\c@WF@wrappedlines=\count281
\WF@box=\box56
\WF@everypar=\toks26
Package: wrapfig 2003/01/31  v 3.6
)
(/Users/ellenitoumpas/Library/TinyTeX/texmf-dist/tex/latex/colortbl/colortbl.st
y
Package: colortbl 2020/01/04 v1.0e Color table columns (DPC)
\everycr=\toks27
\minrowclearance=\skip64
)
(/Users/ellenitoumpas/Library/TinyTeX/texmf-dist/tex/latex/pdflscape/pdflscape.
sty
Package: pdflscape 2019/12/05 v0.12 Display of landscape pages in PDF (HO)
(/Users/ellenitoumpas/Library/TinyTeX/texmf-dist/tex/latex/graphics/lscape.sty
Package: lscape 2000/10/22 v3.01 Landscape Pages (DPC)
)
Package pdflscape Info: Auto-detected driver: pdftex on input line 81.
) (/Users/ellenitoumpas/Library/TinyTeX/texmf-dist/tex/latex/tabu/tabu.sty
Package: tabu 2019/01/11 v2.9 - flexible LaTeX tabulars (FC+tabu-fixed)

(/Users/ellenitoumpas/Library/TinyTeX/texmf-dist/tex/latex/varwidth/varwidth.st
y
Package: varwidth 2009/03/30 ver 0.92;  Variable-width minipages
\@vwid@box=\box57
\sift@deathcycles=\count282
\@vwid@loff=\dimen181
\@vwid@roff=\dimen182
)
\c@taburow=\count283
\tabu@nbcols=\count284
\tabu@cnt=\count285
\tabu@Xcol=\count286
\tabu@alloc=\count287
\tabu@nested=\count288
\tabu@target=\dimen183
\tabu@spreadtarget=\dimen184
\tabu@naturalX=\dimen185
\tabucolX=\dimen186
\tabu@Xsum=\dimen187
\extrarowdepth=\dimen188
\abovetabulinesep=\dimen189
\belowtabulinesep=\dimen190
\tabustrutrule=\dimen191
\tabu@thebody=\toks28
\tabu@footnotes=\toks29
\tabu@box=\box58
\tabu@arstrutbox=\box59
\tabu@hleads=\box60
\tabu@vleads=\box61
\tabu@cellskip=\skip65
)
(/Users/ellenitoumpas/Library/TinyTeX/texmf-dist/tex/latex/threeparttable/three
parttable.sty
Package: threeparttable 2003/06/13  v 3.0
\@tempboxb=\box62
)
(/Users/ellenitoumpas/Library/TinyTeX/texmf-dist/tex/latex/threeparttablex/thre
eparttablex.sty
Package: threeparttablex 2013/07/23 v0.3 by daleif
(/Users/ellenitoumpas/Library/TinyTeX/texmf-dist/tex/latex/environ/environ.sty
Package: environ 2014/05/04 v0.3 A new way to define environments

(/Users/ellenitoumpas/Library/TinyTeX/texmf-dist/tex/latex/trimspaces/trimspace
s.sty
Package: trimspaces 2009/09/17 v1.1 Trim spaces around a token list
))
\TPTL@width=\skip66
) (/Users/ellenitoumpas/Library/TinyTeX/texmf-dist/tex/generic/ulem/ulem.sty
\UL@box=\box63
\UL@hyphenbox=\box64
\UL@skip=\skip67
\UL@hook=\toks30
\UL@height=\dimen192
\UL@pe=\count289
\UL@pixel=\dimen193
\ULC@box=\box65
Package: ulem 2019/11/18
\ULdepth=\dimen194
)
(/Users/ellenitoumpas/Library/TinyTeX/texmf-dist/tex/latex/makecell/makecell.st
y
Package: makecell 2009/08/03 V0.1e Managing of Tab Column Heads and Cells
\rotheadsize=\dimen195
\c@nlinenum=\count290
\TeXr@lab=\toks31
) (/Users/ellenitoumpas/Library/TinyTeX/texmf-dist/tex/latex/xcolor/xcolor.sty
Package: xcolor 2016/05/11 v2.12 LaTeX color extensions (UK)

(/Users/ellenitoumpas/Library/TinyTeX/texmf-dist/tex/latex/graphics-cfg/color.c
fg
File: color.cfg 2016/01/02 v1.6 sample color configuration
)
Package xcolor Info: Driver file: pdftex.def on input line 225.
LaTeX Info: Redefining \color on input line 709.
Package xcolor Info: Model `cmy' substituted by `cmy0' on input line 1348.
Package xcolor Info: Model `hsb' substituted by `rgb' on input line 1352.
Package xcolor Info: Model `RGB' extended on input line 1364.
Package xcolor Info: Model `HTML' substituted by `rgb' on input line 1366.
Package xcolor Info: Model `Hsb' substituted by `hsb' on input line 1367.
Package xcolor Info: Model `tHsb' substituted by `hsb' on input line 1368.
Package xcolor Info: Model `HSB' substituted by `hsb' on input line 1369.
Package xcolor Info: Model `Gray' substituted by `gray' on input line 1370.
Package xcolor Info: Model `wave' substituted by `hsb' on input line 1371.
)
(/Users/ellenitoumpas/Library/TinyTeX/texmf-dist/tex/latex/l3backend/l3backend-
pdftex.def
File: l3backend-pdftex.def 2020-09-24 L3 backend support: PDF output (pdfTeX)
\l__kernel_color_stack_int=\count291
\l__pdf_internal_box=\box66
) (./MATH2269_final_project.aux

LaTeX Warning: Label `tab:unnamed-chunk-2' multiply defined.


LaTeX Warning: Label `tab:unnamed-chunk-2' multiply defined.


LaTeX Warning: Label `tab:unnamed-chunk-2' multiply defined.

)
\openout1 = `MATH2269_final_project.aux'.

LaTeX Font Info:    Checking defaults for OML/cmm/m/it on input line 85.
LaTeX Font Info:    ... okay on input line 85.
LaTeX Font Info:    Checking defaults for OMS/cmsy/m/n on input line 85.
LaTeX Font Info:    ... okay on input line 85.
LaTeX Font Info:    Checking defaults for OT1/cmr/m/n on input line 85.
LaTeX Font Info:    ... okay on input line 85.
LaTeX Font Info:    Checking defaults for T1/cmr/m/n on input line 85.
LaTeX Font Info:    ... okay on input line 85.
LaTeX Font Info:    Checking defaults for TS1/cmr/m/n on input line 85.
LaTeX Font Info:    ... okay on input line 85.
LaTeX Font Info:    Checking defaults for OMX/cmex/m/n on input line 85.
LaTeX Font Info:    ... okay on input line 85.
LaTeX Font Info:    Checking defaults for U/cmr/m/n on input line 85.
LaTeX Font Info:    ... okay on input line 85.
LaTeX Font Info:    Checking defaults for PD1/pdf/m/n on input line 85.
LaTeX Font Info:    ... okay on input line 85.

(/Users/ellenitoumpas/Library/TinyTeX/texmf-dist/tex/latex/epstopdf-pkg/epstopd
f-base.sty
Package: epstopdf-base 2020-01-24 v2.11 Base part for package epstopdf
Package epstopdf-base Info: Redefining graphics rule for `.eps' on input line 4
85.

(/Users/ellenitoumpas/Library/TinyTeX/texmf-dist/tex/latex/latexconfig/epstopdf
-sys.cfg
File: epstopdf-sys.cfg 2010/07/13 v1.3 Configuration of (r)epstopdf for TeX Liv
e
))
\AtBeginShipoutBox=\box67
Package hyperref Info: Link coloring OFF on input line 85.

(/Users/ellenitoumpas/Library/TinyTeX/texmf-dist/tex/latex/hyperref/nameref.sty
Package: nameref 2019/09/16 v2.46 Cross-referencing by name of section

(/Users/ellenitoumpas/Library/TinyTeX/texmf-dist/tex/latex/refcount/refcount.st
y
Package: refcount 2019/12/15 v3.6 Data extraction from label references (HO)
)
(/Users/ellenitoumpas/Library/TinyTeX/texmf-dist/tex/generic/gettitlestring/get
titlestring.sty
Package: gettitlestring 2019/12/15 v1.6 Cleanup title references (HO)
)
\c@section@level=\count292
)
LaTeX Info: Redefining \ref on input line 85.
LaTeX Info: Redefining \pageref on input line 85.
LaTeX Info: Redefining \nameref on input line 85.
(./MATH2269_final_project.out) (./MATH2269_final_project.out)
\@outlinefile=\write5
\openout5 = `MATH2269_final_project.out'.

[1
Non-PDF special ignored!
<special> header=psfrag.pro

{/Users/ellenitoumpas/Library/TinyTeX/texmf-var/fonts/map/pdftex/updmap/pdftex.
map}] [2] [3pdfTeX warning (ext4): destination with the same identifier (name{t
able.2}) has been already used, duplicate ignored

\AtBegShi@Output ...ipout \box \AtBeginShipoutBox 
                                                  \fi \fi 
l.175 \end{landscape}
                     ] [4pdfTeX warning (ext4): destination with the same ident
ifier (name{table.3}) has been already used, duplicate ignored

\AtBegShi@Output ...ipout \box \AtBeginShipoutBox 
                                                  \fi \fi 
l.198 \end{landscape}
                     ] [5pdfTeX warning (ext4): destination with the same ident
ifier (name{table.4}) has been already used, duplicate ignored

\AtBegShi@Output ...ipout \box \AtBeginShipoutBox 
                                                  \fi \fi 
l.221 \end{landscape}
                     ] [6pdfTeX warning (ext4): destination with the same ident
ifier (name{table.5}) has been already used, duplicate ignored

\AtBegShi@Output ...ipout \box \AtBeginShipoutBox 
                                                  \fi \fi 
l.244 \end{landscape}
                     ]

LaTeX Warning: Float too large for page by 0.93828pt on input line 318.

<MATH2269_final_project_files/figure-latex/unnamed-chunk-8-1.pdf, id=160, 469.7
55pt x 542.025pt>
File: MATH2269_final_project_files/figure-latex/unnamed-chunk-8-1.pdf Graphic f
ile (type pdf)
<use MATH2269_final_project_files/figure-latex/unnamed-chunk-8-1.pdf>
Package pdftex.def Info: MATH2269_final_project_files/figure-latex/unnamed-chun
k-8-1.pdf  used on input line 377.
(pdftex.def)             Requested size: 469.75386pt x 542.02367pt.

Overfull \hbox (66.62125pt too wide) in paragraph at lines 377--378
 []\OT1/cmr/bx/n/12 Outliers[] [] 
 []

[7








] [8pdfTeX warning (ext4): destination with the same identifier (name{table.6})
 has been already used, duplicate ignored

\AtBegShi@Output ...ipout \box \AtBeginShipoutBox 
                                                  \fi \fi 
l.380 ...ossible values}\label{impossible-values}}
                                                  ] [9pdfTeX warning (ext4): de
stination with the same identifier (name{table.7}) has been already used, dupli
cate ignored

\AtBegShi@Output ...ipout \box \AtBeginShipoutBox 
                                                  \fi \fi 
l.380 ...ossible values}\label{impossible-values}}
                                                  pdfTeX warning (ext4): destin
ation with the same identifier (name{table.8}) has been already used, duplicate
 ignored

\AtBegShi@Output ...ipout \box \AtBeginShipoutBox 
                                                  \fi \fi 
l.380 ...ossible values}\label{impossible-values}}
                                                  ] [10 <./MATH2269_final_proje
ct_files/figure-latex/unnamed-chunk-8-1.pdf>] [11pdfTeX warning (ext4): destina
tion with the same identifier (name{table.9}) has been already used, duplicate 
ignored

\AtBegShi@Output ...ipout \box \AtBeginShipoutBox 
                                                  \fi \fi 
l.499 \end{table}
                 ]

Package xcolor Warning: Incompatible color definition on input line 505.

LaTeX Font Info:    Font shape `OT1/cmtt/bx/n' in size <12> not available
(Font)              Font shape `OT1/cmtt/m/n' tried instead on input line 507.

Package xcolor Warning: Incompatible color definition on input line 512.


Package xcolor Warning: Incompatible color definition on input line 512.


Package xcolor Warning: Incompatible color definition on input line 574.


Package xcolor Warning: Incompatible color definition on input line 578.


Package xcolor Warning: Incompatible color definition on input line 578.


Package xcolor Warning: Incompatible color definition on input line 583.


Package xcolor Warning: Incompatible color definition on input line 587.


Package xcolor Warning: Incompatible color definition on input line 587.


Package xcolor Warning: Incompatible color definition on input line 597.

LaTeX Font Info:    Trying to load font information for OMS+cmtt on input line 
599.
LaTeX Font Info:    No file OMScmtt.fd. on input line 599.

LaTeX Font Warning: Font shape `OMS/cmtt/m/n' undefined
(Font)              using `OMS/cmsy/m/n' instead
(Font)              for symbol `textbraceleft' on input line 599.


Package xcolor Warning: Incompatible color definition on input line 622.


Package xcolor Warning: Incompatible color definition on input line 622.


Package xcolor Warning: Incompatible color definition on input line 622.

[12] [13pdfTeX warning (ext4): destination with the same identifier (name{table
.10}) has been already used, duplicate ignored

\AtBegShi@Output ...ipout \box \AtBeginShipoutBox 
                                                  \fi \fi 
l.622 \end{Shaded}
                  ] [14pdfTeX warning (ext4): destination with the same identif
ier (name{table.11}) has been already used, duplicate ignored

\AtBegShi@Output ...ipout \box \AtBeginShipoutBox 
                                                  \fi \fi 
l.622 \end{Shaded}
                  ]

Package xcolor Warning: Incompatible color definition on input line 622.


Package xcolor Warning: Incompatible color definition on input line 622.


Package xcolor Warning: Incompatible color definition on input line 639.


Package xcolor Warning: Incompatible color definition on input line 643.


Package xcolor Warning: Incompatible color definition on input line 643.

[15]

Package xcolor Warning: Incompatible color definition on input line 654.


Package xcolor Warning: Incompatible color definition on input line 659.


Package xcolor Warning: Incompatible color definition on input line 659.


Overfull \hbox (39.06612pt too wide) in paragraph at lines 725--725
[]\OT1/cmr/m/n/12 missing[]values|  
 []


Overfull \hbox (2.98094pt too wide) in paragraph at lines 725--725
[]\OT1/cmr/m/n/12 median|  
 []


Overfull \hbox (25.81487pt too wide) in paragraph at lines 725--725
[]\OT1/cmr/m/n/12 rainfall[]mm|  
 []


Overfull \hbox (6.57118pt too wide) in paragraph at lines 725--725
[]\OT1/cmr/m/n/12 numeric|  
 []


Overfull \hbox (32.31645pt too wide) in paragraph at lines 725--725
[]\OT1/cmr/m/n/12 rf[]cum[]2[]day|  
 []


Overfull \hbox (6.57118pt too wide) in paragraph at lines 725--725
[]\OT1/cmr/m/n/12 numeric|  
 []


Overfull \hbox (32.31645pt too wide) in paragraph at lines 725--725
[]\OT1/cmr/m/n/12 rf[]cum[]3[]day|  
 []


Overfull \hbox (6.57118pt too wide) in paragraph at lines 725--725
[]\OT1/cmr/m/n/12 numeric|  
 []


Overfull \hbox (32.31645pt too wide) in paragraph at lines 725--725
[]\OT1/cmr/m/n/12 rf[]cum[]4[]day|  
 []


Overfull \hbox (6.57118pt too wide) in paragraph at lines 725--725
[]\OT1/cmr/m/n/12 numeric|  
 []


Overfull \hbox (32.31645pt too wide) in paragraph at lines 725--725
[]\OT1/cmr/m/n/12 rf[]cum[]5[]day|  
 []


Overfull \hbox (6.57118pt too wide) in paragraph at lines 725--725
[]\OT1/cmr/m/n/12 numeric|  
 []


Overfull \hbox (32.31645pt too wide) in paragraph at lines 725--725
[]\OT1/cmr/m/n/12 rf[]cum[]6[]day|  
 []


Overfull \hbox (6.57118pt too wide) in paragraph at lines 725--725
[]\OT1/cmr/m/n/12 numeric|  
 []


Overfull \hbox (32.31645pt too wide) in paragraph at lines 725--725
[]\OT1/cmr/m/n/12 rf[]cum[]7[]day|  
 []


Overfull \hbox (6.57118pt too wide) in paragraph at lines 725--725
[]\OT1/cmr/m/n/12 numeric|  
 []


Overfull \hbox (10.47475pt too wide) in paragraph at lines 725--725
[]\OT1/cmr/m/n/12 date[]day|  
 []


Overfull \hbox (43.10023pt too wide) in paragraph at lines 725--725
[]\OT1/cmr/m/n/12 date[]local[]time|  
 []


Overfull \hbox (12.27252pt too wide) in paragraph at lines 725--725
[]\OT1/cmr/m/n/12 POSIXct|  
 []


Overfull \hbox (43.10023pt too wide) in paragraph at lines 725--725
[]\OT1/cmr/m/n/12 date[]local[]time|  
 []


Overfull \hbox (7.05035pt too wide) in paragraph at lines 725--725
[]\OT1/cmr/m/n/12 POSIXt|  
 []


Overfull \hbox (13.09889pt too wide) in paragraph at lines 725--725
[]\OT1/cmr/m/n/12 character|  
 []


Overfull \hbox (28.7654pt too wide) in paragraph at lines 725--725
[]\OT1/cmr/m/n/12 temperature|  
 []


Overfull \hbox (6.57118pt too wide) in paragraph at lines 725--725
[]\OT1/cmr/m/n/12 numeric|  
 []


Overfull \hbox (6.57118pt too wide) in paragraph at lines 725--725
[]\OT1/cmr/m/n/12 numeric|  
 []


Overfull \hbox (39.53612pt too wide) in paragraph at lines 725--725
\OT1/cmr/m/n/12 46.9000015259|  
 []


Overfull \hbox (6.57118pt too wide) in paragraph at lines 725--725
[]\OT1/cmr/m/n/12 numeric|  
 []


Overfull \hbox (39.53612pt too wide) in paragraph at lines 725--725
\OT1/cmr/m/n/12 46.9000015259|  
 []


Overfull \hbox (6.57118pt too wide) in paragraph at lines 725--725
[]\OT1/cmr/m/n/12 numeric|  
 []


Overfull \hbox (4.28648pt too wide) in paragraph at lines 725--725
[]\OT1/cmr/m/n/12 193.817|  
 []


Overfull \hbox (4.28648pt too wide) in paragraph at lines 725--725
[]\OT1/cmr/m/n/12 110.853|  
 []


Overfull \hbox (6.57118pt too wide) in paragraph at lines 725--725
[]\OT1/cmr/m/n/12 numeric|  
 []


Overfull \hbox (39.53612pt too wide) in paragraph at lines 725--725
[]\OT1/cmr/m/n/12 12.8000001907|  
 []


Overfull \hbox (13.09889pt too wide) in paragraph at lines 725--725
[]\OT1/cmr/m/n/12 character|  
 []


Overfull \hbox (6.57118pt too wide) in paragraph at lines 725--725
[]\OT1/cmr/m/n/12 numeric|  
 []


Overfull \hbox (10.16142pt too wide) in paragraph at lines 725--725
[]\OT1/cmr/m/n/12 winddire|  
 []


Overfull \hbox (13.09889pt too wide) in paragraph at lines 725--725
[]\OT1/cmr/m/n/12 character|  
 []


Overfull \hbox (6.57118pt too wide) in paragraph at lines 725--725
[]\OT1/cmr/m/n/12 numeric|  
 []


Overfull \hbox (13.08583pt too wide) in paragraph at lines 725--725
[]\OT1/cmr/m/n/12 roll[]temp|  
 []


Overfull \hbox (6.57118pt too wide) in paragraph at lines 725--725
[]\OT1/cmr/m/n/12 numeric|  
 []


Overfull \hbox (33.66118pt too wide) in paragraph at lines 725--725
[]\OT1/cmr/m/n/12 5.4500000079|  
 []


Overfull \hbox (39.53612pt too wide) in paragraph at lines 725--725
[]\OT1/cmr/m/n/12 34.2958333333|  
 []


Overfull \hbox (13.49055pt too wide) in paragraph at lines 725--725
[]\OT1/cmr/m/n/12 weekdays|  
 []


Overfull \hbox (12.83778pt too wide) in paragraph at lines 725--725
[]\OT1/cmr/m/n/12 mornings|  
 []


LaTeX Warning: Float too large for page by 45.0905pt on input line 726.


Package xcolor Warning: Incompatible color definition on input line 731.


Package xcolor Warning: Incompatible color definition on input line 739.


Package xcolor Warning: Incompatible color definition on input line 739.


Package xcolor Warning: Incompatible color definition on input line 755.

[16] [17pdfTeX warning (ext4): destination with the same identifier (name{table
.12}) has been already used, duplicate ignored

\AtBegShi@Output ...ipout \box \AtBeginShipoutBox 
                                                  \fi \fi 
l.759 \end{Shaded}
                  ]

Package xcolor Warning: Incompatible color definition on input line 759.


Package xcolor Warning: Incompatible color definition on input line 759.

<MATH2269_final_project_files/figure-latex/Univariate distribution-1.pdf, id=24
4, 867.24pt x 2529.45pt>
File: MATH2269_final_project_files/figure-latex/Univariate distribution-1.pdf G
raphic file (type pdf)
<use MATH2269_final_project_files/figure-latex/Univariate distribution-1.pdf>
Package pdftex.def Info: MATH2269_final_project_files/figure-latex/Univariate d
istribution-1.pdf  used on input line 763.
(pdftex.def)             Requested size: 867.2379pt x 2529.44385pt.

Overfull \hbox (404.96791pt too wide) in paragraph at lines 763--765
 [][] 
 []

[18]
Overfull \vbox (1941.37584pt too high) has occurred while \output is active []

[19pdfTeX warning (ext4): destination with the same identifier (name{figure.1})
 has been already used, duplicate ignored

\AtBegShi@Output ...ipout \box \AtBeginShipoutBox 
                                                  \fi \fi 
l.767 
       <./MATH2269_final_project_files/figure-latex/Univariate distribution-1.p
df>]
<MATH2269_final_project_files/figure-latex/unnamed-chunk-17-1.pdf, id=261, 469.
755pt x 542.025pt>
File: MATH2269_final_project_files/figure-latex/unnamed-chunk-17-1.pdf Graphic 
file (type pdf)
<use MATH2269_final_project_files/figure-latex/unnamed-chunk-17-1.pdf>
Package pdftex.def Info: MATH2269_final_project_files/figure-latex/unnamed-chun
k-17-1.pdf  used on input line 768.
(pdftex.def)             Requested size: 469.75386pt x 542.02367pt.

Overfull \hbox (25.10869pt too wide) in paragraph at lines 768--769
[][] 
 []

No file MATH2269_final_project.bbl.
Package atveryend Info: Empty hook `BeforeClearDocument' on input line 849.
[20 <./MATH2269_final_project_files/figure-latex/unnamed-chunk-17-1.pdf>] [21]
Overfull \vbox (62.33932pt too high) has occurred while \output is active []

[22]
Package atveryend Info: Empty hook `AfterLastShipout' on input line 849.
(./MATH2269_final_project.aux)
Package atveryend Info: Executing hook `AtVeryEndDocument' on input line 849.
Package atveryend Info: Executing hook `AtEndAfterFileList' on input line 849.
Package rerunfilecheck Info: File `MATH2269_final_project.out' has not changed.

(rerunfilecheck)             Checksum: 2372368AD22ADD5DD5700BFA7A390C39;2139.

LaTeX Font Warning: Some font shapes were not available, defaults substituted.


LaTeX Warning: There were multiply-defined labels.

Package atveryend Info: Empty hook `AtVeryVeryEnd' on input line 849.
 ) 
Here is how much of TeX's memory you used:
 8686 strings out of 482823
 131312 string characters out of 5954665
 436545 words of memory out of 5000000
 23758 multiletter control sequences out of 15000+600000
 543313 words of font info for 59 fonts, out of 8000000 for 9000
 14 hyphenation exceptions out of 8191
 43i,17n,37p,326b,560s stack positions out of 5000i,500n,10000p,200000b,80000s
</Users/ellenitoumpas/Library/TinyTeX/texmf-dist/fonts/type1/public/amsfonts/
cm/cmbx10.pfb></Users/ellenitoumpas/Library/TinyTeX/texmf-dist/fonts/type1/publ
ic/amsfonts/cm/cmbx12.pfb></Users/ellenitoumpas/Library/TinyTeX/texmf-dist/font
s/type1/public/amsfonts/cm/cmitt10.pfb></Users/ellenitoumpas/Library/TinyTeX/te
xmf-dist/fonts/type1/public/amsfonts/cm/cmr10.pfb></Users/ellenitoumpas/Library
/TinyTeX/texmf-dist/fonts/type1/public/amsfonts/cm/cmr12.pfb></Users/ellenitoum
pas/Library/TinyTeX/texmf-dist/fonts/type1/public/amsfonts/cm/cmr6.pfb></Users/
ellenitoumpas/Library/TinyTeX/texmf-dist/fonts/type1/public/amsfonts/cm/cmsy10.
pfb></Users/ellenitoumpas/Library/TinyTeX/texmf-dist/fonts/type1/public/amsfont
s/cm/cmti12.pfb></Users/ellenitoumpas/Library/TinyTeX/texmf-dist/fonts/type1/pu
blic/amsfonts/cm/cmtt12.pfb>
Output written on MATH2269_final_project.pdf (22 pages, 493183 bytes).
PDF statistics:
 359 PDF objects out of 1000 (max. 8388607)
 316 compressed objects within 4 object streams
 112 named destinations out of 1000 (max. 500000)
 248 words of extra memory for PDF output out of 10000 (max. 10000000)

